C:\USERS\ADMINISTRATOR\DOCUMENTS\VISUAL STUDIO 2012\PROJECTS\汇编\汇编\DEBUG\TEST.OBJ
C:\USERS\ADMINISTRATOR\DOCUMENTS\VISUAL STUDIO 2012\PROJECTS\汇编\汇编\DEBUG\源.OBJ
C:\USERS\ADMINISTRATOR\DOCUMENTS\VISUAL STUDIO 2012\PROJECTS\汇编\汇编\DEBUG\VC110.PDB
C:\USERS\ADMINISTRATOR\DOCUMENTS\VISUAL STUDIO 2012\PROJECTS\汇编\DEBUG\汇编.ILK
C:\USERS\ADMINISTRATOR\DOCUMENTS\VISUAL STUDIO 2012\PROJECTS\汇编\DEBUG\汇编.EXE
C:\USERS\ADMINISTRATOR\DOCUMENTS\VISUAL STUDIO 2012\PROJECTS\汇编\DEBUG\汇编.PDB
C:\Users\Administrator\documents\visual studio 2012\Projects\汇编\汇编\Debug\Test.obj
C:\Users\Administrator\documents\visual studio 2012\Projects\汇编\汇编\Debug\源.obj
C:\Users\Administrator\documents\visual studio 2012\Projects\汇编\汇编\Debug\cl.command.1.tlog
C:\Users\Administrator\documents\visual studio 2012\Projects\汇编\汇编\Debug\CL.read.1.tlog
C:\Users\Administrator\documents\visual studio 2012\Projects\汇编\汇编\Debug\CL.write.1.tlog
C:\Users\Administrator\documents\visual studio 2012\Projects\汇编\汇编\Debug\link-cvtres.read.1.tlog
C:\Users\Administrator\documents\visual studio 2012\Projects\汇编\汇编\Debug\link-cvtres.write.1.tlog
C:\Users\Administrator\documents\visual studio 2012\Projects\汇编\汇编\Debug\link-rc.read.1.tlog
C:\Users\Administrator\documents\visual studio 2012\Projects\汇编\汇编\Debug\link-rc.write.1.tlog
C:\Users\Administrator\documents\visual studio 2012\Projects\汇编\汇编\Debug\link.18056-cvtres.read.1.tlog
C:\Users\Administrator\documents\visual studio 2012\Projects\汇编\汇编\Debug\link.18056-cvtres.write.1.tlog
C:\Users\Administrator\documents\visual studio 2012\Projects\汇编\汇编\Debug\link.18056-rc.read.1.tlog
C:\Users\Administrator\documents\visual studio 2012\Projects\汇编\汇编\Debug\link.18056-rc.write.1.tlog
C:\Users\Administrator\documents\visual studio 2012\Projects\汇编\汇编\Debug\link.18056.read.1.tlog
C:\Users\Administrator\documents\visual studio 2012\Projects\汇编\汇编\Debug\link.18056.write.1.tlog
C:\Users\Administrator\documents\visual studio 2012\Projects\汇编\汇编\Debug\link.command.1.tlog
C:\Users\Administrator\documents\visual studio 2012\Projects\汇编\汇编\Debug\link.read.1.tlog
C:\Users\Administrator\documents\visual studio 2012\Projects\汇编\汇编\Debug\link.write.1.tlog
C:\Users\Administrator\documents\visual studio 2012\Projects\汇编\汇编\Debug\vc110.idb
C:\Users\Administrator\documents\visual studio 2012\Projects\汇编\汇编\Debug\vc110.pdb
C:\Users\Administrator\documents\visual studio 2012\Projects\汇编\Debug\汇编.pdb
C:\Users\Administrator\documents\visual studio 2012\Projects\汇编\Debug\汇编.exe
C:\Users\Administrator\documents\visual studio 2012\Projects\汇编\Debug\汇编.ilk
